<?xml version="1.0" encoding="UTF-8"?>
<!-- Generated by org.testng.reporters.JUnitReportReporter -->
<testsuite skipped="0" hostname="LVAGPLTP5440" name="testcases.LoginPageTest" tests="1" failures="0" timestamp="2022-04-19T12:56:03 EEST" time="2.369" errors="0">
  <testcase name="LoginTest" time="2.369" classname="testcases.LoginPageTest"/>
</testsuite> <!-- testcases.LoginPageTest -->
